<?xml version="1.0" encoding="UTF-8"?>
<testsuite name="com.demo.weatherApp.TestMainVerticle" tests="8" skipped="0" failures="0" errors="0" timestamp="2022-03-29T03:39:09" hostname="FVFGC25PQ05P" time="1.939">
  <properties/>
  <testcase name="testGetAPIWithLatLon(Vertx, VertxTestContext)" classname="com.demo.weatherApp.TestMainVerticle" time="0.675"/>
  <testcase name="verticle_deployed(Vertx, VertxTestContext)" classname="com.demo.weatherApp.TestMainVerticle" time="0.039"/>
  <testcase name="testSearchAPIsWithLatLon(Vertx, VertxTestContext)" classname="com.demo.weatherApp.TestMainVerticle" time="0.241"/>
  <testcase name="testInsertAPIs(Vertx, VertxTestContext)" classname="com.demo.weatherApp.TestMainVerticle" time="0.172"/>
  <testcase name="testGetAPIWithPlace(Vertx, VertxTestContext)" classname="com.demo.weatherApp.TestMainVerticle" time="0.159"/>
  <testcase name="testGetAPIWithZipCode(Vertx, VertxTestContext)" classname="com.demo.weatherApp.TestMainVerticle" time="0.156"/>
  <testcase name="testSearchAPIWithPlace(Vertx, VertxTestContext)" classname="com.demo.weatherApp.TestMainVerticle" time="0.179"/>
  <testcase name="testGetAPIWithProvideRange(Vertx, VertxTestContext)" classname="com.demo.weatherApp.TestMainVerticle" time="0.302"/>
  <system-out><![CDATA[HTTP server started on port 7080
Rec 200 {"coord":{"lon":12.8029,"lat":77.7036},"weather":[{"id":803,"main":"Clouds","description":"broken clouds","icon":"04n"}],"base":"stations","main":{"temp":265.94,"feels_like":258.94,"temp_min":265.94,"temp_max":265.94,"pressure":1028,"humidity":68,"sea_level":1028,"grnd_level":1028},"visibility":10000,"wind":{"speed":6.8,"deg":19,"gust":7.18},"clouds":{"all":55},"dt":1648524703,"sys":{"country":"SJ","sunrise":1648526093,"sunset":1648578724},"timezone":7200,"id":2729456,"name":"Nybyen","cod":200}
 Response of lat & long
HTTP server started on port 7080
HTTP server started on port 7080

Got weather data of 12.9762 77.6033 io.vertx.sqlclient.impl.RowSetImpl@ad9a236 weather of Bengaluru [{id=721, main=Haze, description=haze, icon=50d}] 1277333 12.9762 77.6033 IN null 
HTTP server started on port 7080
HTTP server started on port 7080
Rec 200 {"coord":{"lon":72.8333,"lat":21.1667},"weather":[{"id":701,"main":"Mist","description":"mist","icon":"50d"}],"base":"stations","main":{"temp":299.14,"feels_like":299.14,"temp_min":299.14,"temp_max":299.14,"pressure":1010,"humidity":78},"visibility":3000,"wind":{"speed":0,"deg":0},"clouds":{"all":7},"dt":1648524624,"sys":{"type":1,"id":9071,"country":"IN","sunrise":1648515885,"sunset":1648560124},"timezone":19800,"id":1255364,"name":"Surat","cod":200}
 Response of Place
HTTP server started on port 7080
Rec 200 {"coord":{"lon":77.7036,"lat":12.8029},"weather":[{"id":721,"main":"Haze","description":"haze","icon":"50d"}],"base":"stations","main":{"temp":299.21,"feels_like":299.21,"temp_min":299.21,"temp_max":299.31,"pressure":1016,"humidity":73},"visibility":5000,"wind":{"speed":4.12,"deg":230},"clouds":{"all":20},"dt":1648524704,"sys":{"type":1,"id":9205,"country":"IN","sunrise":1648514853,"sunset":1648558820},"timezone":19800,"id":0,"name":"Chandapura","cod":200}
 Response of zipcode
HTTP server started on port 7080

Got weather data of Bengaluru io.vertx.sqlclient.impl.RowSetImpl@2e8012de weather of Bengaluru [{id=721, main=Haze, description=haze, icon=50d}] 1277333 12.9762 77.6033 IN null 
HTTP server started on port 7080



Got weather data of 12.9762 77.6033 io.vertx.sqlclient.impl.RowSetImpl@4987e509 weather of Bengaluru [{id=721, main=Haze, description=haze, icon=50d}] 1277333 12.9762 77.6033 IN null weather of Chandapura [{id=801, main=Clouds, description=few clouds, icon=02d}] 1274169 17.4436 77.4334 IN null weather of Mysore [{id=701, main=Mist, description=mist, icon=50d}] 1262321 12.3072 76.6497 IN null 
]]></system-out>
  <system-err><![CDATA[Mar 29, 2022 9:09:09 AM io.netty.resolver.dns.DnsServerAddressStreamProviders <clinit>
WARNING: Can not find io.netty.resolver.dns.macos.MacOSDnsServerAddressStreamProvider in the classpath, fallback to system defaults. This may result in incorrect DNS resolutions on MacOS.
]]></system-err>
</testsuite>
